Running: D:\14.5\ISE_DS\ISE\bin\nt64\unwrapped\fuse.exe -intstyle ise -incremental -lib secureip -o C:/Users/Ashry/Downloads/Phase_1_CO/dqq/testbench_isim_beh.exe -prj C:/Users/Ashry/Downloads/Phase_1_CO/dqq/testbench_beh.prj work.testbench 
ISim P.58f (signature 0x7708f090)
Number of CPUs detected in this system: 6
Turning on mult-threading, number of parallel sub-compilation jobs: 12 
Determining compilation order of HDL files
Parsing VHDL file "C:/Users/Ashry/Downloads/Phase_1_CO/dqq/Projpack.vhd" into library work
Parsing VHDL file "C:/Users/Ashry/Downloads/Phase_1_CO/dqq/MUX32x1.vhd" into library work
Parsing VHDL file "C:/Users/Ashry/Downloads/Phase_1_CO/dqq/flopr.vhd" into library work
Parsing VHDL file "C:/Users/Ashry/Downloads/Phase_1_CO/dqq/Decoder5x32.vhd" into library work
Parsing VHDL file "C:/Users/Ashry/Downloads/Phase_1_CO/dqq/SL2.vhd" into library work
Parsing VHDL file "C:/Users/Ashry/Downloads/Phase_1_CO/dqq/SignExtend.vhd" into library work
Parsing VHDL file "C:/Users/Ashry/Downloads/Phase_1_CO/dqq/RegisterFile.vhd" into library work
Parsing VHDL file "C:/Users/Ashry/Downloads/Phase_1_CO/dqq/MuxWriteReg.vhd" into library work
Parsing VHDL file "C:/Users/Ashry/Downloads/Phase_1_CO/dqq/Mux2x1.vhd" into library work
Parsing VHDL file "C:/Users/Ashry/Downloads/Phase_1_CO/dqq/Maindec.vhd" into library work
Parsing VHDL file "C:/Users/Ashry/Downloads/Phase_1_CO/dqq/Aludec.vhd" into library work
Parsing VHDL file "C:/Users/Ashry/Downloads/Phase_1_CO/dqq/alu.vhd" into library work
Parsing VHDL file "C:/Users/Ashry/Downloads/Phase_1_CO/dqq/Adder4.vhd" into library work
Parsing VHDL file "C:/Users/Ashry/Downloads/Phase_1_CO/dqq/DataPath.vhd" into library work
Parsing VHDL file "C:/Users/Ashry/Downloads/Phase_1_CO/dqq/Controller.vhd" into library work
Parsing VHDL file "C:/Users/Ashry/Downloads/Phase_1_CO/dqq/MIPS.vhd" into library work
Parsing VHDL file "C:/Users/Ashry/Downloads/Phase_1_CO/dqq/imem.vhd" into library work
Parsing VHDL file "C:/Users/Ashry/Downloads/Phase_1_CO/dqq/dmem.vhd" into library work
Parsing VHDL file "C:/Users/Ashry/Downloads/Phase_1_CO/dqq/Main_module.vhd" into library work
Parsing VHDL file "C:/Users/Ashry/Downloads/Phase_1_CO/dqq/testbench.vhd" into library work
Starting static elaboration
Completed static elaboration
Compiling package standard
Compiling package std_logic_1164
Compiling package std_logic_arith
Compiling package std_logic_signed
Compiling package numeric_std
Compiling package std_logic_unsigned
Compiling package projpack
Compiling package textio
Compiling package std_logic_textio
Compiling architecture behave of entity dmem [dmem_default]
Compiling architecture behave of entity imem [imem_default]
Compiling architecture behavioral of entity flopreg [flopreg_default]
Compiling architecture behavioral of entity MUX32X1 [mux32x1_default]
Compiling architecture behavioral of entity Decoder5x32 [decoder5x32_default]
Compiling architecture behavioral of entity RegisterFile [registerfile_default]
Compiling architecture behavioral of entity alu [alu_default]
Compiling architecture behavioral of entity MuxWriteReg [muxwritereg_default]
Compiling architecture behavioral of entity Mux2x1 [mux2x1_default]
Compiling architecture behavioral of entity SL2 [sl2_default]
Compiling architecture behavioral of entity Adder4 [adder4_default]
Compiling architecture behavioral of entity SignExtend [signextend_default]
Compiling architecture behavioral of entity DataPath [datapath_default]
Compiling architecture behavioral of entity Maindec [maindec_default]
Compiling architecture behavioral of entity Aludec [aludec_default]
Compiling architecture behavioral of entity Controller [controller_default]
Compiling architecture behavioral of entity MIPS [mips_default]
Compiling architecture behavioral of entity MainModule [mainmodule_default]
Compiling architecture behavior of entity testbench
Time Resolution for simulation is 1ps.
Waiting for 16 sub-compilation(s) to finish...
Compiled 46 VHDL Units
Built simulation executable C:/Users/Ashry/Downloads/Phase_1_CO/dqq/testbench_isim_beh.exe
Fuse Memory Usage: 39148 KB
Fuse CPU Usage: 531 ms
